2025-12-23 08:39:56,135 [INFO] LogOutputStream:77 - [STDOUT_REDIRECT] 1 : Invalid condition id : UX_CORESTACK_Condition cause : null
2025-12-23 08:39:56,446 [INFO] LogOutputStream:77 - [STDOUT_REDIRECT] 1 : Invalid condition id : UX_CORESTACK_Condition cause : null
2025-12-23 08:39:56,451 [INFO] LogOutputStream:77 - [STDOUT_REDIRECT] 1 : Invalid condition id : UX_CORESTACK_Condition cause : null
2025-12-23 08:39:56,457 [INFO] LogOutputStream:77 - [STDOUT_REDIRECT] 1 : Invalid condition id : UX_CORESTACK_Condition cause : null
2025-12-23 08:39:56,461 [INFO] LogOutputStream:77 - [STDOUT_REDIRECT] 1 : Invalid condition id : UX_CORESTACK_Condition cause : null
2025-12-23 08:39:56,535 [WARN] PackLoader:240 - Cannot read IP mode file for STMicroelectronics.X-CUBE-AZRTOS-WL.2.0.0
2025-12-23 08:39:56,599 [WARN] PackLoader:240 - Cannot read IP mode file for STMicroelectronics.FP-SNS-MOTENV1.5.0.0
2025-12-23 08:39:56,846 [WARN] PackLoader:240 - Cannot read IP mode file for STMicroelectronics.X-CUBE-AZRTOS-H7RS.1.2.0
2025-12-23 08:39:56,911 [WARN] PackLoader:240 - Cannot read IP mode file for STMicroelectronics.X-CUBE-BLE2.3.3.0
2025-12-23 08:40:07,599 [WARN] PackLoader:240 - Cannot read IP mode file for STMicroelectronics.X-CUBE-NFC9.1.0.0
2025-12-23 08:40:07,824 [WARN] PackLoader:240 - Cannot read IP mode file for wolfSSL.I-CUBE-wolfSSL.5.8.2
2025-12-23 08:40:07,921 [WARN] PackLoader:240 - Cannot read IP mode file for STMicroelectronics.X-CUBE-BLE1.7.1.0
2025-12-23 08:40:07,944 [WARN] PackLoader:240 - Cannot read IP mode file for wolfSSL.I-CUBE-wolfMQTT.1.19.2
2025-12-23 08:40:08,047 [WARN] PackLoader:240 - Cannot read IP mode file for STMicroelectronics.X-CUBE-FREERTOS.1.4.0
2025-12-23 08:40:09,197 [WARN] PackLoader:240 - Cannot read IP mode file for STMicroelectronics.X-CUBE-EEPRMA1.5.2.0
2025-12-23 08:40:09,612 [WARN] PackLoader:240 - Cannot read IP mode file for STMicroelectronics.X-CUBE-ST67W61.1.1.0
2025-12-23 08:40:12,118 [WARN] PackLoader:240 - Cannot read IP mode file for STMicroelectronics.X-CUBE-MEMS1.12.0.0
2025-12-23 08:40:14,418 [WARN] PackLoader:240 - Cannot read IP mode file for STMicroelectronics.X-CUBE-AZRTOS-G0.1.1.0
2025-12-23 08:40:14,535 [WARN] PackLoader:240 - Cannot read IP mode file for STMicroelectronics.X-CUBE-SAFEA1.1.2.2
2025-12-23 08:40:14,605 [WARN] PackLoader:240 - Cannot read IP mode file for STMicroelectronics.X-CUBE-NFC4.3.0.0
2025-12-23 08:40:14,739 [WARN] PackLoader:240 - Cannot read IP mode file for EmbeddedOffice.I-CUBE-FS-RTOS.1.0.1
2025-12-23 08:40:14,805 [WARN] PackLoader:240 - Cannot read IP mode file for STMicroelectronics.X-CUBE-WB05N.2.0.0
2025-12-23 08:40:14,879 [WARN] PackLoader:240 - Cannot read IP mode file for wolfSSL.I-CUBE-wolfTPM.3.8.0
2025-12-23 08:40:14,942 [WARN] PackLoader:240 - Cannot read IP mode file for STMicroelectronics.X-CUBE-TCPP.4.2.0
2025-12-23 08:40:15,042 [WARN] PackLoader:240 - Cannot read IP mode file for RealThread.X-CUBE-RT-Thread_Nano.4.1.1
2025-12-23 08:40:15,066 [WARN] PackLoader:240 - Cannot read IP mode file for STMicroelectronics.FP-ATR-SIGFOX1.3.2.0
2025-12-23 08:40:15,162 [WARN] PackLoader:240 - Cannot read IP mode file for ITTIA_DB.I-CUBE-ITTIADB.8.9.0
2025-12-23 08:40:15,300 [WARN] PackLoader:240 - Cannot read IP mode file for STMicroelectronics.X-CUBE-AI.10.2.0
2025-12-23 08:40:15,986 [WARN] PackLoader:240 - Cannot read IP mode file for SEGGER.I-CUBE-embOS.1.3.1
2025-12-23 08:40:16,714 [WARN] PackLoader:240 - Cannot read IP mode file for STMicroelectronics.X-CUBE-ALGOBUILD.1.4.0
2025-12-23 08:40:17,683 [WARN] PackLoader:240 - Cannot read IP mode file for STMicroelectronics.X-CUBE-MEMS1.11.3.0
2025-12-23 08:40:19,345 [WARN] PackLoader:240 - Cannot read IP mode file for STMicroelectronics.X-CUBE-PM33A1.1.0.0
2025-12-23 08:40:19,586 [WARN] PackLoader:240 - Cannot read IP mode file for STMicroelectronics.X-CUBE-AZRTOS-F4.1.1.0
2025-12-23 08:40:19,738 [WARN] PackLoader:240 - Cannot read IP mode file for STMicroelectronics.X-CUBE-ISPU.2.1.0
2025-12-23 08:40:19,898 [WARN] PackLoader:240 - Cannot read IP mode file for STMicroelectronics.X-CUBE-IPS.3.2.0
2025-12-23 08:40:20,148 [WARN] PackLoader:240 - Cannot read IP mode file for STMicroelectronics.X-CUBE-NFC12.1.0.0
2025-12-23 08:40:20,461 [WARN] PackLoader:240 - Cannot read IP mode file for STMicroelectronics.X-CUBE-AZRTOS-L5.2.0.0
2025-12-23 08:40:21,384 [WARN] PackLoader:240 - Cannot read IP mode file for STMicroelectronics.X-CUBE-NFC6.3.1.0
2025-12-23 08:40:21,549 [WARN] PackLoader:240 - Cannot read IP mode file for STMicroelectronics.X-CUBE-FREERTOS.1.3.1
2025-12-23 08:40:21,727 [WARN] PackLoader:240 - Cannot read IP mode file for STMicroelectronics.X-CUBE-TOUCHGFX.4.26.0
2025-12-23 08:40:21,841 [WARN] PackLoader:240 - Cannot read IP mode file for STMicroelectronics.FP-SNS-STAIOTCFT.1.0.0
2025-12-23 08:40:21,886 [WARN] PackLoader:240 - Cannot read IP mode file for STMicroelectronics.X-CUBE-DPower.1.3.0
2025-12-23 08:40:22,112 [WARN] ConditionMgr:438 - getConditionDescription Invalid condition id : LAN8742 Phy interface Condition cause : null
2025-12-23 08:40:22,153 [WARN] PackLoader:240 - Cannot read IP mode file for STMicroelectronics.X-CUBE-AZRTOS-L4.2.0.0
2025-12-23 08:40:22,170 [WARN] ConditionMgr:1044 - genDependencies : Invalid condition id : LAN8742 Phy interface Condition cause : null
2025-12-23 08:40:22,173 [WARN] ConditionMgr:1044 - genDependencies : Invalid condition id : LAN8742 Phy interface Condition cause : null
2025-12-23 08:40:22,176 [WARN] ConditionMgr:1044 - genDependencies : Invalid condition id : LAN8742 Phy interface Condition cause : null
2025-12-23 08:40:22,249 [WARN] PackLoader:240 - Cannot read IP mode file for STMicroelectronics.X-CUBE-SFXS2LP1.4.0.0
2025-12-23 08:40:22,420 [WARN] PackLoader:240 - Cannot read IP mode file for STMicroelectronics.X-CUBE-BLEMGR.4.1.0
2025-12-23 08:40:22,548 [WARN] ConditionMgr:438 - getConditionDescription Invalid condition id : UX DEVICE CLASS RTOS Condition cause : null
2025-12-23 08:40:22,548 [WARN] ConditionMgr:438 - getConditionDescription Invalid condition id : UX DEVICE CLASS RTOS Condition cause : null
2025-12-23 08:40:22,565 [WARN] PackLoader:240 - Cannot read IP mode file for STMicroelectronics.X-CUBE-AZRTOS-WB.2.0.0
2025-12-23 08:40:22,565 [WARN] ConditionMgr:1044 - genDependencies : Invalid condition id : UX DEVICE CLASS RTOS Condition cause : null
2025-12-23 08:40:22,565 [WARN] ConditionMgr:1044 - genDependencies : Invalid condition id : UX DEVICE CLASS RTOS Condition cause : null
2025-12-23 08:40:22,565 [WARN] ConditionMgr:1044 - genDependencies : Invalid condition id : UX DEVICE CLASS RTOS Condition cause : null
2025-12-23 08:40:22,565 [WARN] ConditionMgr:1044 - genDependencies : Invalid condition id : UX DEVICE CLASS RTOS Condition cause : null
2025-12-23 08:40:22,565 [WARN] ConditionMgr:1044 - genDependencies : Invalid condition id : UX DEVICE CLASS RTOS Condition cause : null
2025-12-23 08:40:22,754 [WARN] PackLoader:240 - Cannot read IP mode file for STMicroelectronics.X-CUBE-GNSS1.7.0.1
2025-12-23 08:40:22,803 [WARN] ConditionMgr:438 - getConditionDescription Invalid condition id : Cortex-A Device cause : null
2025-12-23 08:40:22,925 [WARN] ConditionMgr:1044 - genDependencies : Invalid condition id : Cortex-A Device cause : null
2025-12-23 08:40:22,925 [WARN] ConditionMgr:1044 - genDependencies : Invalid condition id : Cortex-A Device cause : null
2025-12-23 08:40:22,926 [WARN] ConditionMgr:1044 - genDependencies : Invalid condition id : Cortex-A Device cause : null
2025-12-23 08:40:23,023 [WARN] PackLoader:240 - Cannot read IP mode file for STMicroelectronics.X-CUBE-SUBG2.5.0.0
2025-12-23 08:40:23,437 [WARN] PackLoader:240 - Cannot read IP mode file for STMicroelectronics.X-CUBE-AZRTOS-H7RS.1.1.0
2025-12-23 08:40:23,694 [WARN] PackLoader:240 - Cannot read IP mode file for STMicroelectronics.X-CUBE-AZRTOS-G4.2.0.0
2025-12-23 08:40:23,753 [WARN] PackLoader:240 - Cannot read IP mode file for wolfSSL.I-CUBE-wolfSSH.1.4.20
2025-12-23 08:40:23,796 [WARN] PackLoader:240 - Cannot read IP mode file for STMicroelectronics.X-CUBE-NFC7.2.0.0
2025-12-23 08:40:23,829 [WARN] PackLoader:240 - Cannot read IP mode file for STMicroelectronics.X-CUBE-ALS.1.0.2
2025-12-23 08:40:23,876 [WARN] PackLoader:240 - Cannot read IP mode file for STMicroelectronics.X-CUBE-STSE01.1.0.0
2025-12-23 08:40:24,030 [WARN] PackLoader:240 - Cannot read IP mode file for STMicroelectronics.X-CUBE-TOF1.3.4.3
2025-12-23 08:40:24,891 [INFO] ThirdParty:978 - Integrity check success = true
2025-12-23 08:40:24,896 [INFO] IntegrityCheckThread:100 - exiting critical section [integrity check]
2025-12-23 08:40:24,897 [INFO] IntegrityCheckThread:103 - End integrity checks thread
2025-12-23 08:40:26,392 [INFO] ProjectFactory:514 - No CPN specified for board STM32F407G-DISC1 => set CPN to STM32F407VGT6
2025-12-23 08:40:26,430 [INFO] Mcu:2029 - Initializing MCU STM32F407V(E-G)Tx STM32F407VGTx STM32F407VGT6
2025-12-23 08:40:45,041 [INFO] Context:786 - Trying to add GPIOservice into a context  which must be forbidden
2025-12-23 08:40:47,646 [INFO] Rule:233 - rule 117617 - U5Cobra4M][GTZC] default value MPCBB3 and MPCBB5 - Not Secured memory - MPCBB1 is applicable
2025-12-23 08:40:47,646 [INFO] Rule:233 - rule 117617 - U5Cobra4M][GTZC] default value MPCBB3 and MPCBB5 - Not Secured memory - MPCBB1 is applicable
2025-12-23 08:40:47,646 [INFO] Rule:233 - rule 117617 - U5Cobra4M][GTZC] default value MPCBB3 and MPCBB5 - Not Secured memory - MPCBB2 is applicable
2025-12-23 08:40:47,647 [INFO] Rule:233 - rule 117617 - U5Cobra4M][GTZC] default value MPCBB3 and MPCBB5 - Not Secured memory - MPCBB2 is applicable
2025-12-23 08:40:47,647 [INFO] Rule:233 - rule 117617 - U5Cobra4M][GTZC] default value MPCBB3 and MPCBB5 - Not Secured memory - MPCBB3 is applicable
2025-12-23 08:40:47,647 [INFO] Rule:233 - rule 117617 - U5Cobra4M][GTZC] default value MPCBB3 and MPCBB5 - Not Secured memory - MPCBB3 is applicable
2025-12-23 08:40:47,647 [INFO] Rule:233 - rule 117617 - U5Cobra4M][GTZC] default value MPCBB3 and MPCBB5 - Not Secured memory - MPCBB4 is applicable
2025-12-23 08:40:47,648 [INFO] Rule:233 - rule 117617 - U5Cobra4M][GTZC] default value MPCBB3 and MPCBB5 - Not Secured memory - MPCBB4 is applicable
2025-12-23 08:40:47,648 [INFO] Rule:233 - rule 117617 - U5Cobra4M][GTZC] default value MPCBB3 and MPCBB5 - Secured memory - MPCBB1 is applicable
2025-12-23 08:40:47,648 [INFO] Rule:233 - rule 117617 - U5Cobra4M][GTZC] default value MPCBB3 and MPCBB5 - Secured memory - MPCBB2 is applicable
2025-12-23 08:40:47,648 [INFO] Rule:233 - rule 117617 - U5Cobra4M][GTZC] default value MPCBB3 and MPCBB5 - Secured memory - MPCBB3 is applicable
2025-12-23 08:40:47,648 [INFO] Rule:233 - rule 117617 - U5Cobra4M][GTZC] default value MPCBB3 and MPCBB5 - Secured memory - MPCBB4 is applicable
2025-12-23 08:40:47,649 [INFO] Rule:233 - rule 117617 - U5Cobra4M][GTZC] default value MPCBB3 and MPCBB5 - Privileged memory - MPCBB1 is applicable
2025-12-23 08:40:47,649 [INFO] Rule:233 - rule 117617 - U5Cobra4M][GTZC] default value MPCBB3 and MPCBB5 - Privileged memory - MPCBB2 is applicable
2025-12-23 08:40:47,649 [INFO] Rule:233 - rule 117617 - U5Cobra4M][GTZC] default value MPCBB3 and MPCBB5 - Privileged memory - MPCBB3 is applicable
2025-12-23 08:40:47,649 [INFO] Rule:233 - rule 117617 - U5Cobra4M][GTZC] default value MPCBB3 and MPCBB5 - Privileged memory - MPCBB4 is applicable
2025-12-23 08:40:47,649 [INFO] Rule:233 - rule 117617 - U5Cobra4M][GTZC] default value MPCBB3 and MPCBB5 - Not Privileged memory - MPCBB1 is applicable
2025-12-23 08:40:47,649 [INFO] Rule:233 - rule 117617 - U5Cobra4M][GTZC] default value MPCBB3 and MPCBB5 - Not Privileged memory - MPCBB2 is applicable
2025-12-23 08:40:47,649 [INFO] Rule:233 - rule 117617 - U5Cobra4M][GTZC] default value MPCBB3 and MPCBB5 - Not Privileged memory - MPCBB3 is applicable
2025-12-23 08:40:47,650 [INFO] Rule:233 - rule 117617 - U5Cobra4M][GTZC] default value MPCBB3 and MPCBB5 - Not Privileged memory - MPCBB4 is applicable
2025-12-23 08:40:47,650 [INFO] Rule:233 - rule 117617 - U5Cobra4M][GTZC] default value MPCBB3 and MPCBB5 - Privileged memory - MPCBB1 is applicable
2025-12-23 08:40:47,650 [INFO] Rule:233 - rule 117617 - U5Cobra4M][GTZC] default value MPCBB3 and MPCBB5 - Privileged memory - MPCBB2 is applicable
2025-12-23 08:40:47,650 [INFO] Rule:233 - rule 117617 - U5Cobra4M][GTZC] default value MPCBB3 and MPCBB5 - Privileged memory - MPCBB3 is applicable
2025-12-23 08:40:47,650 [INFO] Rule:233 - rule 117617 - U5Cobra4M][GTZC] default value MPCBB3 and MPCBB5 - Privileged memory - MPCBB4 is applicable
2025-12-23 08:40:47,650 [INFO] Rule:233 - rule 117617 - U5Cobra4M][GTZC] default value MPCBB3 and MPCBB5 - Privileged memory - MPCBB1 is applicable
2025-12-23 08:40:47,650 [INFO] Rule:233 - rule 117617 - U5Cobra4M][GTZC] default value MPCBB3 and MPCBB5 - Privileged memory - MPCBB2 is applicable
2025-12-23 08:40:47,650 [INFO] Rule:233 - rule 117617 - U5Cobra4M][GTZC] default value MPCBB3 and MPCBB5 - Privileged memory - MPCBB3 is applicable
2025-12-23 08:40:47,651 [INFO] Rule:233 - rule 117617 - U5Cobra4M][GTZC] default value MPCBB3 and MPCBB5 - Privileged memory - MPCBB4 is applicable
2025-12-23 08:40:47,651 [INFO] Rule:233 - rule 117617 - U5Cobra4M][GTZC] default value MPCBB3 and MPCBB5 - Not Privileged memory - MPCBB1 is applicable
2025-12-23 08:40:47,651 [INFO] Rule:233 - rule 117617 - U5Cobra4M][GTZC] default value MPCBB3 and MPCBB5 - Not Privileged memory - MPCBB2 is applicable
2025-12-23 08:40:47,651 [INFO] Rule:233 - rule 117617 - U5Cobra4M][GTZC] default value MPCBB3 and MPCBB5 - Not Privileged memory - MPCBB3 is applicable
2025-12-23 08:40:47,651 [INFO] Rule:233 - rule 117617 - U5Cobra4M][GTZC] default value MPCBB3 and MPCBB5 - Not Privileged memory - MPCBB4 is applicable
2025-12-23 08:40:47,651 [INFO] Rule:233 - rule 117617 - U5Cobra4M][GTZC] default value MPCBB3 and MPCBB5 - Privileged memory - MPCBB1 is applicable
2025-12-23 08:40:47,652 [INFO] Rule:233 - rule 117617 - U5Cobra4M][GTZC] default value MPCBB3 and MPCBB5 - Privileged memory - MPCBB2 is applicable
2025-12-23 08:40:47,652 [INFO] Rule:233 - rule 117617 - U5Cobra4M][GTZC] default value MPCBB3 and MPCBB5 - Privileged memory - MPCBB3 is applicable
2025-12-23 08:40:47,652 [INFO] Rule:233 - rule 117617 - U5Cobra4M][GTZC] default value MPCBB3 and MPCBB5 - Privileged memory - MPCBB4 is applicable
2025-12-23 08:40:47,652 [INFO] Rule:233 - rule Rename SubGHz_Phy SUBGHZ_APPLICATION SUBGHZ_PINGPONG to SUBGHZ_ADV_APPLICATION is applicable
2025-12-23 08:40:47,652 [INFO] Rule:233 - rule Rename Enabled to IBEACON is applicable
2025-12-23 08:40:47,652 [INFO] Rule:233 - rule GTZC_S instance for project manager is applicable
2025-12-23 08:40:47,652 [INFO] Rule:233 - rule GTZC_S instance for context M33S is applicable
2025-12-23 08:40:47,652 [INFO] Rule:233 - rule GTZC_S instance value for IP GTZC is applicable
2025-12-23 08:40:47,653 [INFO] Rule:233 - rule GTZC_S instance for mcu.IP is applicable
2025-12-23 08:40:47,653 [INFO] Rule:233 - rule GTZC_S instance for VP is applicable
2025-12-23 08:40:47,653 [INFO] Rule:233 - rule GTZC_S instance for signal is applicable
2025-12-23 08:40:47,653 [INFO] Rule:233 - rule GTZC_S instance for mcu.Pin is applicable
2025-12-23 08:40:47,653 [INFO] Rule:233 - rule GTZC_S instance for VP is applicable
2025-12-23 08:40:47,653 [INFO] Rule:233 - rule GTZC_S instance for signal is applicable
2025-12-23 08:40:47,653 [INFO] Rule:233 - rule GTZC_S instance for mcu is applicable
2025-12-23 08:40:47,654 [INFO] Rule:233 - rule GTZC_S instance for mcu.Pin is applicable
2025-12-23 08:40:47,654 [INFO] Rule:233 - rule GTZC_S instance value for IP GTZC is applicable
2025-12-23 08:40:47,654 [INFO] Rule:233 - rule GTZC_S instance for project manager is applicable
2025-12-23 08:40:47,654 [INFO] Rule:233 - rule GTZC_S instance for context M33S is applicable
2025-12-23 08:40:47,655 [INFO] Rule:233 - rule GTZC_S instance for VP is applicable
2025-12-23 08:40:47,657 [INFO] Rule:233 - rule GTZC_S instance for signal is applicable
2025-12-23 08:40:47,657 [INFO] Rule:233 - rule SPDIFRX instance for mcu is applicable
2025-12-23 08:40:47,658 [INFO] Rule:233 - rule Rename Tracer Mode is applicable
2025-12-23 08:40:47,658 [INFO] Rule:233 - rule SPDIFRX instance value for IP SPDIFRX is applicable
2025-12-23 08:40:47,658 [INFO] Rule:233 - rule SPDIFRX instance for signal is applicable
2025-12-23 08:40:47,658 [INFO] Rule:233 - rule SPDIFRX instance for project manager is applicable
2025-12-23 08:40:47,658 [INFO] Rule:233 - rule SPDIFRX instance for project manager is applicable
2025-12-23 08:40:47,658 [INFO] Rule:233 - rule ADC Scan  fix with FW F7 is applicable
2025-12-23 08:40:47,659 [INFO] Rule:233 - rule ADC Scan  fix with FW F7 is applicable
2025-12-23 08:40:47,659 [INFO] Rule:233 - rule WakeUp0 Mode is applicable
2025-12-23 08:40:47,659 [INFO] Rule:233 - rule WakeUp0 SIGNAL is applicable
2025-12-23 08:40:47,659 [INFO] Rule:233 - rule WakeUp1 Mode is applicable
2025-12-23 08:40:47,660 [INFO] Rule:233 - rule WakeUp1 SIGNAL is applicable
2025-12-23 08:40:47,660 [INFO] Rule:233 - rule WakeUp2 Mode is applicable
2025-12-23 08:40:47,660 [INFO] Rule:233 - rule WakeUp2 SIGNAL is applicable
2025-12-23 08:40:47,660 [INFO] Rule:233 - rule WakeUp4 Mode is applicable
2025-12-23 08:40:47,660 [INFO] Rule:233 - rule WakeUp4 SIGNAL is applicable
2025-12-23 08:40:47,661 [INFO] Rule:233 - rule WakeUp5 Mode is applicable
2025-12-23 08:40:47,661 [INFO] Rule:233 - rule WakeUp5 SIGNAL is applicable
2025-12-23 08:40:47,661 [INFO] Rule:233 - rule UART/USART WORD LENGTH 7 is applicable
2025-12-23 08:40:47,661 [INFO] Rule:233 - rule UART/USART WORD LENGTH 8 is applicable
2025-12-23 08:40:47,661 [INFO] Rule:233 - rule UART/USART WORD LENGTH 9 is applicable
2025-12-23 08:40:47,662 [INFO] Rule:233 - rule Change Default Value for LSE Drive Capability for WB family is applicable
2025-12-23 08:40:47,662 [INFO] Rule:233 - rule Change Default Value for ADC Clock Prescaler G0 family is applicable
2025-12-23 08:40:47,663 [INFO] Rule:233 - rule ADC SamplingTime fix with FW L0  is applicable
2025-12-23 08:40:47,663 [INFO] Rule:233 - rule ADC SamplingTime fix with FW L0  is applicable
2025-12-23 08:40:47,663 [INFO] Rule:233 - rule ADC SamplingTime fix with FW L0 is applicable
2025-12-23 08:40:47,664 [INFO] Rule:233 - rule ADC SamplingTime fix with FW L0 is applicable
2025-12-23 08:40:47,664 [INFO] Rule:233 - rule ADC SamplingTime fix with FW L0  is applicable
2025-12-23 08:40:47,664 [INFO] Rule:233 - rule ADC SamplingTime fix with FW L0 is applicable
2025-12-23 08:40:47,664 [INFO] Rule:233 - rule Rename USB_OE Signal is applicable
2025-12-23 08:40:47,664 [INFO] Rule:233 - rule Rename Activate_OE Mode is applicable
2025-12-23 08:40:47,664 [INFO] Rule:233 - rule Rename DIE462/DIE415 pin PC14/OSC32_IN -> PC14-OSC32_IN (PC14) is applicable
2025-12-23 08:40:47,664 [INFO] Rule:233 - rule Rename DIE462/DIE415 pin PC15/OSC32_OUT -> PC15-OSC32_OUT (PC15) is applicable
2025-12-23 08:40:47,665 [INFO] Rule:233 - rule Rename DIE462/DIE415 pin PH0/OSC_IN -> PH0-OSC_IN (PH0) is applicable
2025-12-23 08:40:47,665 [INFO] Rule:233 - rule Rename DIE462/DIE415 pin PH1/OSC_OUT -> PH1-OSC_OUT (PH1) is applicable
2025-12-23 08:40:47,665 [INFO] Rule:233 - rule Rename DIE462 pin PA13 -> PA13 (JTMS/SWDIO) is applicable
2025-12-23 08:40:47,665 [INFO] Rule:233 - rule Rename DIE415 pin PA13 -> PA13 (JTMS/SWDIO) is applicable
2025-12-23 08:40:47,665 [INFO] Rule:233 - rule Rename DIE462 pin PA14 -> PA14 (JTCK/SWCLK) is applicable
2025-12-23 08:40:47,665 [INFO] Rule:233 - rule Rename DIE415 pin PA14 -> PA14 (JTCK/SWCLK) is applicable
2025-12-23 08:40:47,665 [INFO] Rule:233 - rule Rename DIE462/DIE415 pin PA15 -> PA15 (JTDI) is applicable
2025-12-23 08:40:47,665 [INFO] Rule:233 - rule Rename DIE462 pin PB3 -> PB3 (JTD0/TRACESWO) is applicable
2025-12-23 08:40:47,665 [INFO] Rule:233 - rule Rename DIE415 pin PB3 -> PB3 (JTD0-TRACESWO) is applicable
2025-12-23 08:40:47,666 [INFO] Rule:233 - rule Rename DIE462/DIE415 pin PB4 -> PB4 (NJTRST) is applicable
2025-12-23 08:40:47,666 [INFO] Rule:233 - rule Rename DIE462 pin PH3/BOOT0 -> PH3-BOOT0 (BOOT0) is applicable
2025-12-23 08:40:47,666 [INFO] Rule:233 - rule Rename CRYP DataEncryptionTypesList to Algorithm is applicable
2025-12-23 08:40:47,666 [INFO] Rule:233 - rule Rename AES DataEncryptionTypesList to Algorithm is applicable
2025-12-23 08:40:47,666 [INFO] Rule:233 - rule Rename TDESECB to CRYP_TDES_ECB is applicable
2025-12-23 08:40:47,666 [INFO] Rule:233 - rule Rename TDESCBC to CRYP_TDES_CBC is applicable
2025-12-23 08:40:47,667 [INFO] Rule:233 - rule Rename DESECB to CRYP_DES_ECB is applicable
2025-12-23 08:40:47,667 [INFO] Rule:233 - rule Rename DESCBC to CRYP_DES_CBC is applicable
2025-12-23 08:40:47,667 [INFO] Rule:233 - rule Rename AESECB to CRYP_AES_ECB is applicable
2025-12-23 08:40:47,667 [INFO] Rule:233 - rule Rename AESCBC to CRYP_AES_CBC is applicable
2025-12-23 08:40:47,667 [INFO] Rule:233 - rule Rename AESCTR to CRYP_AES_CTR is applicable
2025-12-23 08:40:47,667 [INFO] Rule:233 - rule Rename AESGCM to CRYP_AES_GCM is applicable
2025-12-23 08:40:47,667 [INFO] Rule:233 - rule Rename AESCCM to CRYP_AES_CCM is applicable
2025-12-23 08:40:47,668 [INFO] Rule:233 - rule Rename CAN TimeSeg1 to BS1 is applicable
2025-12-23 08:40:47,668 [INFO] Rule:233 - rule Rename CAN TimeSeg2 to BS2 is applicable
2025-12-23 08:40:47,668 [INFO] Rule:233 - rule Rename CAN SyncJumpWidth to SJW is applicable
2025-12-23 08:40:47,668 [INFO] Rule:233 - rule TimeTriggeredMode to TTCM is applicable
2025-12-23 08:40:47,668 [INFO] Rule:233 - rule Rename CAN AutoBusOff to ABOM is applicable
2025-12-23 08:40:47,668 [INFO] Rule:233 - rule Rename CAN AutoWakeUp to AWUM is applicable
2025-12-23 08:40:47,668 [INFO] Rule:233 - rule Rename CAN AutoRetransmission to NART is applicable
2025-12-23 08:40:47,669 [INFO] Rule:233 - rule Rename CAN ReceiveFifoLocked to RFLM is applicable
2025-12-23 08:40:47,669 [INFO] Rule:233 - rule Rename CAN TransmitFifoPriority to TXFP is applicable
2025-12-23 08:40:47,669 [INFO] Rule:233 - rule Rename HRTIMER HRTIM_OUTPUTFAULTLEVEL_HIGH in HRTIMER HRTIM_OUTPUTFAULTLEVEL_HIGHZ is applicable
2025-12-23 08:40:47,669 [INFO] Rule:233 - rule Rename TIMER TIM_CLEARINPUTSOURCE_OCREFCLR in  TIMER TIM_CLEARINPUTSOURCE_NONE for F7 family is applicable
2025-12-23 08:40:47,669 [INFO] Rule:233 - rule FDCAN_R1 - Rename FDCAN mode Master into Classic is applicable
2025-12-23 08:40:47,669 [INFO] Rule:233 - rule FDCAN_R2 - Rename FDCAN mode Slave into Classic is applicable
2025-12-23 08:40:47,670 [INFO] Rule:233 - rule FDCAN1_R3 - if PA10.Mode=FullDuplex, add Pin PA12 is applicable
2025-12-23 08:40:47,670 [INFO] Rule:233 - rule FDCAN1_R3 - if PA9.Mode=FullDuplex, add Pin PA11 is applicable
2025-12-23 08:40:47,670 [INFO] Rule:233 - rule FDCAN1_R3 - Alternatepin_1 - if PE1.Mode=FullDuplex, add Pin PB9 is applicable
2025-12-23 08:40:47,670 [INFO] Rule:233 - rule FDCAN1_R3 - Alternatepin_1 - if PE0.Mode=FullDuplex, add Pin PB8 is applicable
2025-12-23 08:40:47,670 [INFO] Rule:233 - rule FDCAN1_R3 - Alternatepin_2 - if PD5.Mode=FullDuplex, add Pin PD1 is applicable
2025-12-23 08:40:47,670 [INFO] Rule:233 - rule FDCAN1_R3 - Alternatepin_2 - if PD4.Mode=FullDuplex, add Pin PD0 is applicable
2025-12-23 08:40:47,670 [INFO] Rule:233 - rule FDCAN1_R4 - Rename Mode FullDuplex into Enable FDCAN_TXFD for pin PA10 is applicable
2025-12-23 08:40:47,672 [INFO] Rule:233 - rule FDCAN1_R4 - Rename Mode FullDuplex into Enable FDCAN_TXFD for pin PA9 is applicable
2025-12-23 08:40:47,673 [INFO] Rule:233 - rule FDCAN1_R4 - Alternatepin_1 - Rename Mode FullDuplex into Enable FDCAN_TXFD for pin PE1 is applicable
2025-12-23 08:40:47,674 [INFO] Rule:233 - rule FDCAN1_R4 - Alternatepin_1 - Rename Mode FullDuplex into Enable FDCAN_TXFD for pin PE0 is applicable
2025-12-23 08:40:47,674 [INFO] Rule:233 - rule FDCAN1_R4 - Alternatepin_2 - Rename Mode FullDuplex into Enable FDCAN_TXFD for pin PD5 is applicable
2025-12-23 08:40:47,674 [INFO] Rule:233 - rule FDCAN1_R4 - Alternatepin_2 - Rename Mode FullDuplex into Enable FDCAN_TXFD for pin PD4 is applicable
2025-12-23 08:40:47,674 [INFO] Rule:233 - rule FDCAN2_R3 - if PD10.Mode=FullDuplex, add Pin PB13 is applicable
2025-12-23 08:40:47,674 [INFO] Rule:233 - rule FDCAN2_R3 - if PD9.Mode=FullDuplex, add Pin PB12 is applicable
2025-12-23 08:40:47,675 [INFO] Rule:233 - rule FDCAN2_R3 - Alternatepin_1 - if PB7.Mode=FullDuplex, add Pin PB6 is applicable
2025-12-23 08:40:47,675 [INFO] Rule:233 - rule FDCAN2_R3 - Alternatepin_1 - if PD9.Mode=FullDuplex, add Pin PB12 is applicable
2025-12-23 08:40:47,675 [INFO] Rule:233 - rule FDCAN2_R4 - Rename Mode FullDuplex into Enable FDCAN_TXFD for pin PD10 is applicable
2025-12-23 08:40:47,675 [INFO] Rule:233 - rule FDCAN2_R4 - Rename Mode FullDuplex into Enable FDCAN_TXFD for pin PD9 is applicable
2025-12-23 08:40:47,675 [INFO] Rule:233 - rule FDCAN2_R4 - Alternatepin_1 - Rename Mode FullDuplex into Enable FDCAN_TXFD for pin PB7 is applicable
2025-12-23 08:40:47,676 [INFO] Rule:233 - rule FDCAN2_R4 - Alternatepin_1 - Rename Mode FullDuplex into Enable FDCAN_TXFD for pin PD6 is applicable
2025-12-23 08:40:47,676 [INFO] Rule:233 - rule USART TxPinLevelInvertParam Mode is applicable
2025-12-23 08:40:47,677 [INFO] Rule:233 - rule USART RxPinLevelInvertParam Mode is applicable
2025-12-23 08:40:47,678 [INFO] Rule:233 - rule USART DataInvertParam Mode is applicable
2025-12-23 08:40:47,678 [INFO] Rule:233 - rule USART SwapParam Mode is applicable
2025-12-23 08:40:47,678 [INFO] Rule:233 - rule USART OverrunDisableParam Mode is applicable
2025-12-23 08:40:47,678 [INFO] Rule:233 - rule USART DMADisableonRxErrorParam Mode is applicable
2025-12-23 08:40:47,678 [INFO] Rule:233 - rule USART MSBFirstParam Mode is applicable
2025-12-23 08:40:47,678 [INFO] Rule:233 - rule Update MwName for USB_DEVICE is applicable
2025-12-23 08:40:47,678 [INFO] Rule:233 - rule Change PWR_Regulator_Voltage_Scale Default Value for RCC  H7 family is applicable
2025-12-23 08:40:47,678 [INFO] Rule:233 - rule UART/USART IPParameter rename Prescaler parameter to ClockPrescaler is applicable
2025-12-23 08:40:47,679 [INFO] Rule:233 - rule UART/USART Prescaler rename Prescaler parameter to ClockPrescaler is applicable
2025-12-23 08:40:47,679 [INFO] Rule:233 - rule TIM1CLockSelection is applicable
2025-12-23 08:40:47,679 [INFO] Rule:233 - rule TIM15CLockSelection is applicable
2025-12-23 08:40:47,679 [INFO] Rule:233 - rule align RCC SDMMC3CLockSelection default value on MP1 is applicable
2025-12-23 08:40:47,679 [INFO] Rule:233 - rule align RCC SDMMC12CLockSelection default value on MP1 is applicable
2025-12-23 08:40:47,680 [INFO] Rule:233 - rule align RCC QSPICLockSelection default value on MP1 is applicable
2025-12-23 08:40:47,680 [INFO] Rule:233 - rule align RCC QSPICLockSelection default value on MP1 is applicable
2025-12-23 08:40:47,680 [INFO] Rule:233 - rule align RCC SPI6CLockSelection default value on MP1 is applicable
2025-12-23 08:40:47,680 [INFO] Rule:233 - rule align RCC LPTIM23CLockSelection default value on MP1 is applicable
2025-12-23 08:40:47,680 [INFO] Rule:233 - rule align RCC LPTIM1CLockSelection default value on MP1 is applicable
2025-12-23 08:40:47,681 [INFO] Rule:233 - rule align RCC USART1CLockSelection default value on MP1 is applicable
2025-12-23 08:40:47,681 [INFO] Rule:233 - rule align RCC USART24CLockSelection default value on MP1 is applicable
2025-12-23 08:40:47,681 [INFO] Rule:233 - rule align RCC USART6CLockSelection default value on MP1 is applicable
2025-12-23 08:40:47,681 [INFO] Rule:233 - rule align RCC UART78CLockSelection default value on MP1 is applicable
2025-12-23 08:40:47,681 [INFO] Rule:233 - rule align RCC USART35CLockSelection default value on MP1 is applicable
2025-12-23 08:40:47,681 [INFO] Rule:233 - rule align RCC SPI45CLockSelection default value on MP1 is applicable
2025-12-23 08:40:47,681 [INFO] Rule:233 - rule align RCC I2C46CLockSelection BCLK value on MP1 is applicable
2025-12-23 08:40:47,681 [INFO] Rule:233 - rule align RCC SPI45CLockSelection default value on MP1 is applicable
2025-12-23 08:40:47,681 [INFO] Rule:233 - rule align RCC I2C12CLockSelection default value on MP1 is applicable
2025-12-23 08:40:47,681 [INFO] Rule:233 - rule align RCC I2C35CLockSelection default value on MP1 is applicable
2025-12-23 08:40:47,682 [INFO] Rule:233 - rule align RCC LPTIM45CLockSelection default value on MP1 is applicable
2025-12-23 08:40:47,682 [INFO] Rule:233 - rule Rename DCMI PIXCK signal is applicable
2025-12-23 08:40:47,682 [INFO] Rule:233 - rule Change Default Value for I2C46CLockSelection MP1 family is applicable
2025-12-23 08:40:47,682 [INFO] Rule:233 - rule Change Default Value for UART for G4, G0 and WB families is applicable
2025-12-23 08:40:47,682 [INFO] Rule:233 - rule Change Default Value for USART for G4, G0 and WB families is applicable
2025-12-23 08:40:47,682 [INFO] Rule:233 - rule Change Default Value for USART for G4 family is applicable
2025-12-23 08:40:47,682 [INFO] Rule:233 - rule Change USART1CLockSelection refparam name for MP1 is applicable
2025-12-23 08:40:47,682 [INFO] Rule:233 - rule Change USART2CLockSelection refparam name for MP1 is applicable
2025-12-23 08:40:47,682 [INFO] Rule:233 - rule Change USART3CLockSelection refparam name for MP1 is applicable
2025-12-23 08:40:47,682 [INFO] Rule:233 - rule Change UART4CLockSelection refparam name for MP1 is applicable
2025-12-23 08:40:47,683 [INFO] Rule:233 - rule Change UART5CLockSelection refparam name for MP1 is applicable
2025-12-23 08:40:47,683 [INFO] Rule:233 - rule Change LPUART1CLockSelection refparam name for MP1 is applicable
2025-12-23 08:40:47,683 [INFO] Rule:233 - rule Change LPTIM1CLockSelection refparam name for MP1 is applicable
2025-12-23 08:40:47,683 [INFO] Rule:233 - rule Change LPTIM2CLockSelection refparam name for MP1 is applicable
2025-12-23 08:40:47,683 [INFO] Rule:233 - rule Change RCC_MCO1Source refparam name for MP1 is applicable
2025-12-23 08:40:47,683 [INFO] Rule:233 - rule Change LSCOSource1 refparam name for MP1 is applicable
2025-12-23 08:40:47,683 [INFO] Rule:233 - rule Change SMPSCLockSelection refparam name for MP1 is applicable
2025-12-23 08:40:47,683 [INFO] Rule:233 - rule Change LPTIM3CLockSelection refparam name for MP1 is applicable
2025-12-23 08:40:47,683 [INFO] Rule:233 - rule Change MPCBB* Default Template Mode to Parameters is applicable
2025-12-23 08:40:47,684 [INFO] Rule:233 - rule Change MPCWM* or MPCBB* Secure Mode to Parameters is applicable
2025-12-23 08:40:47,684 [INFO] Rule:233 - rule Change MPCWM* or MPCBB* No Secure Mode to Parameters is applicable
2025-12-23 08:40:47,684 [INFO] Rule:233 - rule Change TZSC IP Secure Mode to Parameters is applicable
2025-12-23 08:40:47,684 [INFO] Rule:233 - rule Change TZSC IP No Secure Mode to Parameters is applicable
2025-12-23 08:40:47,684 [INFO] Rule:233 - rule Change TZSC IP Privilege Mode to Parameters is applicable
2025-12-23 08:40:47,684 [INFO] Rule:233 - rule Change TZSC IP No Privilege Mode to Parameters is applicable
2025-12-23 08:40:47,684 [INFO] Rule:233 - rule Change TZIC IT Secure Mode to Parameters is applicable
2025-12-23 08:40:47,684 [INFO] Rule:233 - rule Change TZIC IT No Secure Mode to Parameters is applicable
2025-12-23 08:40:47,685 [INFO] Rule:233 - rule Add MPCBB1_NonSecureArea_Start_Address value with referenced to MPCBB1_NonSecureArea_Start value is applicable
2025-12-23 08:40:47,685 [INFO] Rule:233 - rule Add MPCBB2_NonSecureArea_Start_Address value with referenced to MPCBB2_NonSecureArea_Start value is applicable
2025-12-23 08:40:47,685 [INFO] Rule:233 - rule Add MPCWM1_NonSecureArea*_Start_Address value with referenced to MPCWM1_NonSecureArea*_Start value is applicable
2025-12-23 08:40:47,685 [INFO] Rule:233 - rule Add MPCWM2_NonSecureArea*_Start_Address value with referenced to MPCWM2_NonSecureArea*_Start value is applicable
2025-12-23 08:40:47,685 [INFO] Rule:233 - rule Add MPCWM3_NonSecureArea_Start_Address value with referenced to MPCWM3_NonSecureArea_Start value is applicable
2025-12-23 08:40:47,685 [INFO] Rule:233 - rule Change Default Value for PLL1UserDefinedConfig is applicable
2025-12-23 08:40:47,685 [INFO] Rule:233 - rule Change GPIO_PuPd Default Value for USART in async mode is applicable
2025-12-23 08:40:47,685 [INFO] Rule:233 - rule Change SMPSDivider Default Value is applicable
2025-12-23 08:40:47,686 [INFO] Rule:233 - rule OPAMP is applicable
2025-12-23 08:40:47,686 [INFO] Rule:233 - rule LPUART IPParameter rename Prescaler parameter to ClockPrescaler for STM32H7 is applicable
2025-12-23 08:40:47,686 [INFO] Rule:233 - rule LPUART IPParameter rename Prescaler parameter to ClockPrescaler for STM32H7 is applicable
2025-12-23 08:40:47,686 [INFO] Rule:233 - rule LPUART IPParameter rename Prescaler parameter to ClockPrescaler for STM32WB is applicable
2025-12-23 08:40:47,686 [INFO] Rule:233 - rule LPUART IPParameter rename Prescaler parameter to ClockPrescaler for STM32WB is applicable
2025-12-23 08:40:47,686 [INFO] Rule:233 - rule LPUART IPParameter rename Prescaler parameter to ClockPrescaler for STM32G4 is applicable
2025-12-23 08:40:47,686 [INFO] Rule:233 - rule LPUART IPParameter rename Prescaler parameter to ClockPrescaler for STM32G4 is applicable
2025-12-23 08:40:47,686 [INFO] Rule:233 - rule LPUART IPParameter rename Prescaler parameter to ClockPrescaler for STM32L5 is applicable
2025-12-23 08:40:47,687 [INFO] Rule:233 - rule LPUART IPParameter rename Prescaler parameter to ClockPrescaler for STM32L5 is applicable
2025-12-23 08:40:47,687 [INFO] Rule:233 - rule LPUART IPParameter rename Prescaler parameter to ClockPrescaler for STM32G4 is applicable
2025-12-23 08:40:47,687 [INFO] Rule:233 - rule LPUART IPParameter rename Prescaler parameter to ClockPrescaler for STM32G4 is applicable
2025-12-23 08:40:47,687 [INFO] Rule:233 - rule USB device lib V2.5.3 for L0 rename USBD_SUPPORT_USER_STRING parameter to USBD_SUPPORT_USER_STRING_DESC4 is applicable
2025-12-23 08:40:47,687 [INFO] Rule:233 - rule I2SCLockSelection clock entry align is applicable
2025-12-23 08:40:47,687 [INFO] Rule:233 - rule Assign TIMx context if used as SYS timebase is applicable
2025-12-23 08:40:47,687 [INFO] Rule:233 - rule Change GPIO_Pu Default Value for I2C is applicable
2025-12-23 08:40:47,690 [INFO] Rule:233 - rule Change GPIO_Pu Default Value for SMBus is applicable
2025-12-23 08:40:47,690 [INFO] Rule:233 - rule change FDCAN default value is applicable
2025-12-23 08:40:47,691 [INFO] Rule:233 - rule Change mode sai is applicable
2025-12-23 08:40:47,691 [INFO] Rule:233 - rule **Change sai mode is applicable
2025-12-23 08:40:47,691 [INFO] Rule:233 - rule Rename STM32WPAN CFG_BLE_IRK to CFG_BLE_IR is applicable
2025-12-23 08:40:47,692 [INFO] Rule:233 - rule Rename STM32WPAN CFG_BLE_ERK to CFG_BLE_ER is applicable
2025-12-23 08:40:47,692 [INFO] Rule:233 - rule Rename STM32WPAN CFG_BLE_IRK_HEX to CFG_BLE_IR_HEX is applicable
2025-12-23 08:40:47,692 [INFO] Rule:233 - rule Rename STM32WPAN CFG_BLE_ERK_HEX to CFG_BLE_ER_HEX is applicable
2025-12-23 08:40:47,692 [INFO] Rule:233 - rule Adapt Old IOC before rework replace old CORTEX_M33/CORTEX_M55 attributes by the new one. is applicable
2025-12-23 08:40:47,692 [INFO] Rule:233 - rule Rename parametre of RCC RCC_APBDBG_DIV2 to RCC_TIMPRES_DIV2 is applicable
2025-12-23 08:40:47,692 [INFO] Rule:233 - rule Rename DIE493 pin PA10 [PA12] -> PA10 is applicable
2025-12-23 08:40:47,692 [INFO] Rule:233 - rule Rename DIE493 pin PA9 [PA11] -> PA9 is applicable
2025-12-23 08:40:47,692 [INFO] Rule:233 - rule Rename DIE492 PartNumber CPN STM32WBA5MJGHx -> STM32WBA5MMGHx is applicable
2025-12-23 08:40:47,692 [INFO] Rule:233 - rule Rename DIE492 PartNumber  Name STM32WBA5MJGHx -> STM32WBA5MMGHx is applicable
2025-12-23 08:40:47,693 [INFO] Rule:233 - rule Rename DIE492 PartNumber UserName STM32WBA5MJGHx -> STM32WBA5MMGHx is applicable
2025-12-23 08:40:47,693 [INFO] Rule:233 - rule Rename DIE492 PartNumber DeviceId STM32WBA5MJGHx -> STM32WBA5MMGHx is applicable
2025-12-23 08:40:47,693 [INFO] Rule:233 - rule Adapt Old IOC CSI. is applicable
2025-12-23 08:40:47,693 [INFO] Rule:233 - rule Adapt Old IOC DCMIPP. is applicable
2025-12-23 08:40:47,694 [INFO] Rule:233 - rule Adapt Old IOC DCMIPP Mode Parallel. is applicable
2025-12-23 08:40:47,694 [INFO] Rule:233 - rule Adapt Old IOC LTDC. is applicable
2025-12-23 08:40:47,694 [INFO] Rule:233 - rule Rename STM32MP2 RIF Peripheral LTDC RIF.RISUP.LTDC_L0L1.Privilege -> RIF.RISUP.LTDC_L1L2.Privilege is applicable
2025-12-23 08:40:47,694 [INFO] Rule:233 - rule Rename STM32MP2 RIF Peripheral LTDC RIF.RISUP.LTDC_L0L1.Privilege -> RIF.RISUP.LTDC_L1L2.Privilege is applicable
2025-12-23 08:40:47,694 [INFO] Rule:233 - rule Rename STM32MP2 RIF Peripheral LTDC RIF.RISUP.LTDC_L0L1.Lock -> RIF.RISUP.LTDC_L1L2.Lock is applicable
2025-12-23 08:40:47,694 [INFO] Rule:233 - rule Rename STM32MP2 RIF Peripheral LTDC RIF.RISUP.LTDC_L2.Lock -> RIF.RISUP.LTDC_L3.Lock is applicable
2025-12-23 08:40:47,694 [INFO] Rule:233 - rule Adapt the old IOC example for updating the SYS when it is misconfigured. is applicable
2025-12-23 08:40:47,694 [INFO] Rule:233 - rule Rename STM32C09 Mcu.Package LQFP64 -> LQFP48 is applicable
2025-12-23 08:40:47,694 [INFO] Rule:233 - rule Adapt the old IOC example for updating the SYS when it is misconfigured. is applicable
2025-12-23 08:40:47,694 [INFO] Rule:233 - rule Adapt the old IOC example for updating the SYS when it is misconfigured. is applicable
2025-12-23 08:40:47,833 [INFO] DbConfProperties:307 - Apply Compatibility (38/250 Rules)
2025-12-23 08:40:47,912 [INFO] ImportTextPane:234 - (OptionalMessage_ERROR) Unable to find key (Mcu.ThirdPartyNb) in loaded IOC file
2025-12-23 08:40:47,932 [INFO] ImportTextPane:234 - (OptionalMessage_ERROR) Pin34 (VP_RIF_VS_RIF1) cannot be retrieved for this MCU
2025-12-23 08:40:49,128 [INFO] RtosManager:558 - Registered RTOS mode: class=CMSIS, group=RTOS, mode=CMSIS_V1, owner=FREERTOS
2025-12-23 08:40:49,129 [INFO] RtosManager:558 - Registered RTOS mode: class=CMSIS, group=RTOS2, mode=CMSIS_V2, owner=FREERTOS
2025-12-23 08:40:49,130 [INFO] RtosManager:558 - Registered RTOS mode: class=RTOS, group=Core, mode=CMSIS_V1, owner=FREERTOS
2025-12-23 08:40:49,130 [INFO] RtosManager:558 - Registered RTOS mode: class=RTOS, group=Core, mode=CMSIS_V2, owner=FREERTOS
2025-12-23 08:40:49,131 [WARN] ModelIntegratedComponent:184 - Missing modes for component STMicroelectronics:FreeRTOS:0.0.1:STMicroelectronics:RTOS:FreeRTOS:Core:::10.2.0:
2025-12-23 08:40:49,325 [WARN] ModelIntegratedComponent:63 - No mode defined for component null
2025-12-23 08:40:49,326 [WARN] ModelIntegratedComponent:63 - No mode defined for component null
2025-12-23 08:40:49,326 [WARN] ModelIntegratedComponent:63 - No mode defined for component null
2025-12-23 08:40:49,327 [WARN] ModelIntegratedComponent:63 - No mode defined for component null
2025-12-23 08:40:49,328 [WARN] ModelIntegratedComponent:63 - No mode defined for component null
2025-12-23 08:40:49,329 [WARN] ModelIntegratedComponent:63 - No mode defined for component null
2025-12-23 08:40:49,332 [WARN] ModelIntegratedComponent:63 - No mode defined for component null
2025-12-23 08:40:49,334 [WARN] ModelIntegratedComponent:63 - No mode defined for component null
2025-12-23 08:40:49,334 [WARN] ModelIntegratedComponent:63 - No mode defined for component null
2025-12-23 08:40:49,334 [WARN] ModelIntegratedComponent:63 - No mode defined for component null
2025-12-23 08:40:49,334 [WARN] ModelIntegratedComponent:63 - No mode defined for component null
2025-12-23 08:40:49,335 [WARN] ModelIntegratedComponent:63 - No mode defined for component null
2025-12-23 08:40:49,338 [WARN] ModelIntegratedComponent:63 - No mode defined for component null
2025-12-23 08:40:49,338 [WARN] ModelIntegratedComponent:63 - No mode defined for component null
2025-12-23 08:40:49,339 [WARN] ModelIntegratedComponent:63 - No mode defined for component null
2025-12-23 08:40:49,343 [WARN] ModelIntegratedComponent:63 - No mode defined for component null
2025-12-23 08:40:49,343 [WARN] ModelIntegratedComponent:63 - No mode defined for component null
2025-12-23 08:40:49,344 [WARN] ModelIntegratedComponent:63 - No mode defined for component null
2025-12-23 08:40:49,344 [WARN] ModelIntegratedComponent:63 - No mode defined for component null
2025-12-23 08:40:49,344 [WARN] ModelIntegratedComponent:63 - No mode defined for component null
2025-12-23 08:40:49,344 [WARN] ModelIntegratedComponent:63 - No mode defined for component null
2025-12-23 08:40:49,344 [WARN] ModelIntegratedComponent:63 - No mode defined for component null
2025-12-23 08:40:49,344 [WARN] ModelIntegratedComponent:63 - No mode defined for component null
2025-12-23 08:40:49,345 [WARN] ModelIntegratedComponent:63 - No mode defined for component null
2025-12-23 08:40:49,345 [WARN] ModelIntegratedComponent:63 - No mode defined for component null
2025-12-23 08:40:49,345 [WARN] ModelIntegratedComponent:63 - No mode defined for component null
2025-12-23 08:40:49,345 [WARN] ModelIntegratedComponent:63 - No mode defined for component null
2025-12-23 08:40:49,346 [WARN] ModelIntegratedComponent:63 - No mode defined for component null
2025-12-23 08:40:49,347 [WARN] ModelIntegratedComponent:63 - No mode defined for component null
2025-12-23 08:40:49,347 [WARN] ModelIntegratedComponent:63 - No mode defined for component null
2025-12-23 08:40:49,347 [WARN] ModelIntegratedComponent:63 - No mode defined for component null
2025-12-23 08:40:49,348 [WARN] ModelIntegratedComponent:63 - No mode defined for component null
2025-12-23 08:40:49,348 [WARN] ModelIntegratedComponent:63 - No mode defined for component null
2025-12-23 08:40:49,349 [WARN] ModelIntegratedComponent:63 - No mode defined for component null
2025-12-23 08:40:49,349 [WARN] ModelIntegratedComponent:63 - No mode defined for component null
2025-12-23 08:40:49,355 [WARN] ModelPack:524 - Component already loaded: STMicroelectronics:HAL Drivers:0.0.0:STMicroelectronics:Device:STMicro_Driver:XSPI:HAL::0.0.1:HAL_XSPI
2025-12-23 08:40:50,414 [INFO] ThirdPartyModel:298 - Start build external matchings
2025-12-23 08:40:55,436 [INFO] ThirdPartyModel:316 - End build external matchings
2025-12-23 08:40:56,950 [INFO] UtilMem:75 - End LoadConfig() Used Memory: 620085184 Bytes (1073741824)
2025-12-23 08:40:57,824 [WARN] ThirdParty:833 - waiting for thirdparty lock release [change project]
2025-12-23 08:40:57,830 [INFO] ThirdParty:835 - entering critical section [change project]
2025-12-23 08:40:57,831 [INFO] ThirdParty:1030 - CMSIS Pack Vendor :STMicroelectronics X-CUBE-PM33A1 1.0.0
2025-12-23 08:40:57,831 [INFO] ThirdParty:1030 - CMSIS Pack Vendor :STMicroelectronics USBPD 4.1
2025-12-23 08:40:57,831 [INFO] ThirdParty:1030 - CMSIS Pack Vendor :STMicroelectronics X-CUBE-NFC9 1.0.0
2025-12-23 08:40:57,832 [INFO] ThirdParty:1030 - CMSIS Pack Vendor :STMicroelectronics USB_HOST 2.0.0
2025-12-23 08:40:57,832 [INFO] ThirdParty:1030 - CMSIS Pack Vendor :STMicroelectronics FP-SNS-MOTENVWB1 1.4.0
2025-12-23 08:40:57,832 [INFO] ThirdParty:1030 - CMSIS Pack Vendor :STMicroelectronics X-CUBE-AZRTOS-F4 1.1.0
2025-12-23 08:40:57,832 [INFO] ThirdParty:1030 - CMSIS Pack Vendor :STMicroelectronics LIBJPEG 8.0.0
2025-12-23 08:40:57,833 [INFO] ThirdParty:1030 - CMSIS Pack Vendor :STMicroelectronics FP-ATR-ASTRA1 2.0.2
2025-12-23 08:40:57,833 [INFO] ThirdParty:1030 - CMSIS Pack Vendor :wolfSSL I-CUBE-wolfSSL 5.8.2
2025-12-23 08:40:57,833 [INFO] ThirdParty:1030 - CMSIS Pack Vendor :STMicroelectronics X-CUBE-BLE1 7.1.0
2025-12-23 08:40:57,833 [INFO] ThirdParty:1030 - CMSIS Pack Vendor :STMicroelectronics X-CUBE-SMBUS 2.1.0
2025-12-23 08:40:57,833 [INFO] ThirdParty:1030 - CMSIS Pack Vendor :wolfSSL I-CUBE-wolfMQTT 1.19.2
2025-12-23 08:40:57,833 [INFO] ThirdParty:1030 - CMSIS Pack Vendor :STMicroelectronics USB_DEVICE 3.0.0
2025-12-23 08:40:57,833 [INFO] ThirdParty:1030 - CMSIS Pack Vendor :STMicroelectronics X-CUBE-ISPU 2.1.0
2025-12-23 08:40:57,833 [INFO] ThirdParty:1030 - CMSIS Pack Vendor :STMicroelectronics X-CUBE-FREERTOS 1.4.0
2025-12-23 08:40:57,833 [INFO] ThirdParty:1030 - CMSIS Pack Vendor :STMicroelectronics X-CUBE-EEPRMA1 5.2.0
2025-12-23 08:40:57,834 [INFO] ThirdParty:1030 - CMSIS Pack Vendor :STMicroelectronics X-CUBE-IPS 3.2.0
2025-12-23 08:40:57,834 [INFO] ThirdParty:1030 - CMSIS Pack Vendor :STMicroelectronics X-CUBE-BLEMGR 4.1.0
2025-12-23 08:40:57,834 [INFO] ThirdParty:1030 - CMSIS Pack Vendor :STMicroelectronics X-CUBE-AZRTOS-WB 2.0.0
2025-12-23 08:40:57,834 [INFO] ThirdParty:1030 - CMSIS Pack Vendor :STMicroelectronics X-CUBE-ST60 1.0.0
2025-12-23 08:40:57,834 [INFO] ThirdParty:1030 - CMSIS Pack Vendor :STMicroelectronics X-CUBE-GNSS1 7.0.1
2025-12-23 08:40:57,834 [INFO] ThirdParty:1030 - CMSIS Pack Vendor :STMicroelectronics X-CUBE-NFC12 1.0.0
2025-12-23 08:40:57,834 [INFO] ThirdParty:1030 - CMSIS Pack Vendor :STMicroelectronics X-CUBE-AZRTOS-F7 1.1.0
2025-12-23 08:40:57,834 [INFO] ThirdParty:1030 - CMSIS Pack Vendor :STMicroelectronics X-CUBE-AZRTOS-L5 2.0.0
2025-12-23 08:40:57,835 [INFO] ThirdParty:1030 - CMSIS Pack Vendor :STMicroelectronics USB_DEVICE 2.0.0
2025-12-23 08:40:57,835 [INFO] ThirdParty:1030 - CMSIS Pack Vendor :STMicroelectronics X-CUBE-NFC6 3.1.0
2025-12-23 08:40:57,835 [INFO] ThirdParty:1030 - CMSIS Pack Vendor :STMicroelectronics X-CUBE-ST67W61 1.1.0
2025-12-23 08:40:57,835 [INFO] ThirdParty:1030 - CMSIS Pack Vendor :Cesanta I-CUBE-Mongoose 7.19.0
2025-12-23 08:40:57,835 [INFO] ThirdParty:1030 - CMSIS Pack Vendor :quantropi X-CUBE-qispace-sdk-base 2.1.0
2025-12-23 08:40:57,835 [INFO] ThirdParty:1030 - CMSIS Pack Vendor :STMicroelectronics X-CUBE-MEMS1 12.0.0
2025-12-23 08:40:57,835 [INFO] ThirdParty:1030 - CMSIS Pack Vendor :STMicroelectronics FP-SNS-MOTENV1 5.1.0
2025-12-23 08:40:57,836 [INFO] ThirdParty:1030 - CMSIS Pack Vendor :STMicroelectronics FreeRTOS 0.0.1
2025-12-23 08:40:57,836 [INFO] ThirdParty:1030 - CMSIS Pack Vendor :STMicroelectronics X-CUBE-AZRTOS-G0 1.1.0
2025-12-23 08:40:57,836 [INFO] ThirdParty:1030 - CMSIS Pack Vendor :STMicroelectronics X-CUBE-SAFEA1 1.2.2
2025-12-23 08:40:57,836 [INFO] ThirdParty:1030 - CMSIS Pack Vendor :STMicroelectronics X-CUBE-NFC4 3.0.0
2025-12-23 08:40:57,836 [INFO] ThirdParty:1030 - CMSIS Pack Vendor :STMicroelectronics X-CUBE-SUBG2 5.0.0
2025-12-23 08:40:57,836 [INFO] ThirdParty:1030 - CMSIS Pack Vendor :STMicroelectronics X-CUBE-AZRTOS-H7RS 1.1.0
2025-12-23 08:40:57,837 [INFO] ThirdParty:1030 - CMSIS Pack Vendor :STMicroelectronics STM32_WPAN 1.0.0
2025-12-23 08:40:57,837 [INFO] ThirdParty:1030 - CMSIS Pack Vendor :EmbeddedOffice I-CUBE-FS-RTOS 1.0.1
2025-12-23 08:40:57,837 [INFO] ThirdParty:1030 - CMSIS Pack Vendor :STMicroelectronics lwIP 2.0.3
2025-12-23 08:40:57,837 [INFO] ThirdParty:1030 - CMSIS Pack Vendor :WES I-CUBE-Cesium 1.4.0
2025-12-23 08:40:57,837 [INFO] ThirdParty:1030 - CMSIS Pack Vendor :STMicroelectronics USB_HOST 1.0.0
2025-12-23 08:40:57,837 [INFO] ThirdParty:1030 - CMSIS Pack Vendor :Infineon AIROC-Wi-Fi-Bluetooth-STM32 1.7.1
2025-12-23 08:40:57,837 [INFO] ThirdParty:1030 - CMSIS Pack Vendor :STMicroelectronics X-CUBE-AZRTOS-G4 2.0.0
2025-12-23 08:40:57,837 [INFO] ThirdParty:1030 - CMSIS Pack Vendor :STMicroelectronics X-CUBE-WB05N 2.0.0
2025-12-23 08:40:57,837 [INFO] ThirdParty:1030 - CMSIS Pack Vendor :STMicroelectronics PDM2PCM 3.1.0
2025-12-23 08:40:57,837 [INFO] ThirdParty:1030 - CMSIS Pack Vendor :STMicroelectronics PDM2PCM 3.3.0
2025-12-23 08:40:57,837 [INFO] ThirdParty:1030 - CMSIS Pack Vendor :wolfSSL I-CUBE-wolfTPM 3.8.0
2025-12-23 08:40:57,838 [INFO] ThirdParty:1030 - CMSIS Pack Vendor :STMicroelectronics X-CUBE-AZRTOS-H7 3.4.0
2025-12-23 08:40:57,838 [INFO] ThirdParty:1030 - CMSIS Pack Vendor :STMicroelectronics X-CUBE-DISPLAY 3.0.0
2025-12-23 08:40:57,838 [INFO] ThirdParty:1030 - CMSIS Pack Vendor :wolfSSL I-CUBE-wolfSSH 1.4.20
2025-12-23 08:40:57,838 [INFO] ThirdParty:1030 - CMSIS Pack Vendor :STMicroelectronics X-CUBE-NFC7 2.0.0
2025-12-23 08:40:57,838 [INFO] ThirdParty:1030 - CMSIS Pack Vendor :STMicroelectronics X-CUBE-TCPP 4.2.0
2025-12-23 08:40:57,838 [INFO] ThirdParty:1030 - CMSIS Pack Vendor :RealThread X-CUBE-RT-Thread_Nano 4.1.1
2025-12-23 08:40:57,838 [INFO] ThirdParty:1030 - CMSIS Pack Vendor :STMicroelectronics FP-ATR-SIGFOX1 3.2.0
2025-12-23 08:40:57,838 [INFO] ThirdParty:1030 - CMSIS Pack Vendor :STMicroelectronics X-CUBE-NFC10 1.0.0
2025-12-23 08:40:57,841 [INFO] ThirdParty:1030 - CMSIS Pack Vendor :STMicroelectronics X-CUBE-FREERTOS 1.3.1
2025-12-23 08:40:57,841 [INFO] ThirdParty:1030 - CMSIS Pack Vendor :STMicroelectronics HAL Drivers 0.0.0
2025-12-23 08:40:57,841 [INFO] ThirdParty:1030 - CMSIS Pack Vendor :STMicroelectronics MBEDTLS 2.16.2
2025-12-23 08:40:57,841 [INFO] ThirdParty:1030 - CMSIS Pack Vendor :STMicroelectronics X-CUBE-ST60 1.1.0
2025-12-23 08:40:57,841 [INFO] ThirdParty:1030 - CMSIS Pack Vendor :STMicroelectronics X-CUBE-ALS 1.0.2
2025-12-23 08:40:57,842 [INFO] ThirdParty:1030 - CMSIS Pack Vendor :emotas I-CUBE-CANOPEN 1.3.0
2025-12-23 08:40:57,842 [INFO] ThirdParty:1030 - CMSIS Pack Vendor :STMicroelectronics MBEDTLS 2.14.1
2025-12-23 08:40:57,842 [INFO] ThirdParty:1030 - CMSIS Pack Vendor :STMicroelectronics X-CUBE-GNSS1 7.1.0
2025-12-23 08:40:57,842 [INFO] ThirdParty:1030 - CMSIS Pack Vendor :ITTIA_DB I-CUBE-ITTIADB 8.9.0
2025-12-23 08:40:57,842 [INFO] ThirdParty:1030 - CMSIS Pack Vendor :STMicroelectronics X-CUBE-TOUCHGFX 4.26.0
2025-12-23 08:40:57,842 [INFO] ThirdParty:1030 - CMSIS Pack Vendor :STMicroelectronics X-CUBE-STSE01 1.0.0
2025-12-23 08:40:57,842 [INFO] ThirdParty:1030 - CMSIS Pack Vendor :STMicroelectronics FP-SNS-STBOX1 2.1.0
2025-12-23 08:40:57,842 [INFO] ThirdParty:1030 - CMSIS Pack Vendor :STMicroelectronics X-CUBE-AI 10.2.0
2025-12-23 08:40:57,842 [INFO] ThirdParty:1030 - CMSIS Pack Vendor :STMicroelectronics FP-SNS-STAIOTCFT 1.0.0
2025-12-23 08:40:57,842 [INFO] ThirdParty:1030 - CMSIS Pack Vendor :STMicroelectronics ThreadX 1.0.0
2025-12-23 08:40:57,842 [INFO] ThirdParty:1030 - CMSIS Pack Vendor :STMicroelectronics FP-SNS-SMARTAG2 1.2.0
2025-12-23 08:40:57,842 [INFO] ThirdParty:1030 - CMSIS Pack Vendor :STMicroelectronics FP-SNS-FLIGHT1 5.1.0
2025-12-23 08:40:57,843 [INFO] ThirdParty:1030 - CMSIS Pack Vendor :STMicroelectronics X-CUBE-AZRTOS-WL 2.0.0
2025-12-23 08:40:57,843 [INFO] ThirdParty:1030 - CMSIS Pack Vendor :SEGGER I-CUBE-embOS 1.3.1
2025-12-23 08:40:57,843 [INFO] ThirdParty:1030 - CMSIS Pack Vendor :STMicroelectronics X-CUBE-ALGOBUILD 1.4.0
2025-12-23 08:40:57,843 [INFO] ThirdParty:1030 - CMSIS Pack Vendor :STMicroelectronics X-CUBE-DPower 1.3.0
2025-12-23 08:40:57,843 [INFO] ThirdParty:1030 - CMSIS Pack Vendor :STMicroelectronics X-CUBE-MEMS1 11.3.0
2025-12-23 08:40:57,843 [INFO] ThirdParty:1030 - CMSIS Pack Vendor :STMicroelectronics FP-SNS-MOTENV1 5.0.0
2025-12-23 08:40:57,843 [INFO] ThirdParty:1030 - CMSIS Pack Vendor :STMicroelectronics USB_DEVICE 1.0.0
2025-12-23 08:40:57,843 [INFO] ThirdParty:1030 - CMSIS Pack Vendor :STMicroelectronics X-CUBE-AZRTOS-H7RS 1.2.0
2025-12-23 08:40:57,843 [INFO] ThirdParty:1030 - CMSIS Pack Vendor :STMicroelectronics X-CUBE-AZRTOS-L4 2.0.0
2025-12-23 08:40:57,844 [INFO] ThirdParty:1030 - CMSIS Pack Vendor :STMicroelectronics ThreadX 0.0.2
2025-12-23 08:40:57,844 [INFO] ThirdParty:1030 - CMSIS Pack Vendor :STMicroelectronics lwIP 2.1.2
2025-12-23 08:40:57,844 [INFO] ThirdParty:1030 - CMSIS Pack Vendor :STMicroelectronics X-CUBE-SFXS2LP1 4.0.0
2025-12-23 08:40:57,844 [INFO] ThirdParty:1030 - CMSIS Pack Vendor :STMicroelectronics X-CUBE-BLE2 3.3.0
2025-12-23 08:40:57,844 [INFO] ThirdParty:1030 - CMSIS Pack Vendor :Avnet-IOTCONNECT X-CUBE-iotc-st67-sdk 1.0.0
2025-12-23 08:40:57,844 [INFO] ThirdParty:1030 - CMSIS Pack Vendor :STMicroelectronics X-CUBE-TOF1 3.4.3
2025-12-23 08:40:57,844 [INFO] ThirdParty:1030 - CMSIS Pack Vendor :STMicroelectronics PDM2PCM 3.2.0
2025-12-23 08:40:57,846 [INFO] ThirdParty:841 - exiting critical section [change project]
2025-12-23 08:40:59,573 [INFO] PinOutPanel:1589 - setPackage(No Configuration,No Configuration)
2025-12-23 08:40:59,587 [INFO] PinOutPanel:1589 - setPackage(STM32F407VGTx,LQFP100)
2025-12-23 08:41:01,824 [INFO] UtilMem:75 - Before build in PCC Used Memory: 814548592 Bytes (1073741824)
2025-12-23 08:41:05,239 [INFO] UtilMem:75 - After build in PCC Used Memory: 900009600 Bytes (1073741824)
2025-12-23 08:41:05,447 [INFO] IPUIPlugin:80 - create IPUIPlugin
2025-12-23 08:41:05,447 [INFO] IPUIPlugin:80 - create IPUIPlugin
2025-12-23 08:41:05,447 [INFO] IPUIPlugin:80 - create IPUIPlugin
2025-12-23 08:41:05,448 [INFO] IPUIPlugin:80 - create IPUIPlugin
2025-12-23 08:41:05,449 [INFO] IPUIPlugin:80 - create IPUIPlugin
2025-12-23 08:41:05,450 [INFO] IPUIPlugin:80 - create IPUIPlugin
2025-12-23 08:41:05,451 [INFO] IPUIPlugin:80 - create IPUIPlugin
2025-12-23 08:41:05,452 [INFO] IPUIPlugin:80 - create IPUIPlugin
2025-12-23 08:41:05,453 [INFO] IPUIPlugin:80 - create IPUIPlugin
2025-12-23 08:41:05,454 [INFO] IPUIPlugin:80 - create IPUIPlugin
2025-12-23 08:41:05,455 [INFO] IPUIPlugin:80 - create IPUIPlugin
2025-12-23 08:41:05,456 [INFO] IPUIPlugin:80 - create IPUIPlugin
2025-12-23 08:41:05,457 [INFO] IPUIPlugin:80 - create IPUIPlugin
2025-12-23 08:41:05,458 [INFO] IPUIPlugin:80 - create IPUIPlugin
2025-12-23 08:41:05,468 [INFO] IPUIPlugin:80 - create IPUIPlugin
2025-12-23 08:41:05,469 [INFO] IPUIPlugin:80 - create IPUIPlugin
2025-12-23 08:41:05,469 [INFO] IPUIPlugin:80 - create IPUIPlugin
2025-12-23 08:41:05,471 [INFO] IPUIPlugin:80 - create IPUIPlugin
2025-12-23 08:41:05,473 [INFO] IPUIPlugin:80 - create IPUIPlugin
2025-12-23 08:41:05,473 [INFO] IPUIPlugin:80 - create IPUIPlugin
2025-12-23 08:41:05,474 [INFO] IPUIPlugin:80 - create IPUIPlugin
2025-12-23 08:41:05,480 [INFO] IPUIPlugin:80 - create IPUIPlugin
2025-12-23 08:41:05,481 [INFO] IPUIPlugin:80 - create IPUIPlugin
2025-12-23 08:41:05,483 [INFO] IPUIPlugin:80 - create IPUIPlugin
2025-12-23 08:41:05,485 [INFO] IPUIPlugin:80 - create IPUIPlugin
2025-12-23 08:41:05,486 [INFO] IPUIPlugin:80 - create IPUIPlugin
2025-12-23 08:41:05,486 [INFO] IPUIPlugin:80 - create IPUIPlugin
2025-12-23 08:41:05,487 [INFO] IPUIPlugin:80 - create IPUIPlugin
2025-12-23 08:41:05,488 [INFO] IPUIPlugin:80 - create IPUIPlugin
2025-12-23 08:41:05,489 [INFO] IPUIPlugin:80 - create IPUIPlugin
2025-12-23 08:41:05,490 [INFO] IPUIPlugin:80 - create IPUIPlugin
2025-12-23 08:41:05,491 [INFO] IPUIPlugin:80 - create IPUIPlugin
2025-12-23 08:41:05,492 [INFO] IPUIPlugin:80 - create IPUIPlugin
2025-12-23 08:41:05,494 [INFO] IPUIPlugin:80 - create IPUIPlugin
2025-12-23 08:41:05,495 [INFO] IPUIPlugin:80 - create IPUIPlugin
2025-12-23 08:41:05,496 [INFO] IPUIPlugin:80 - create IPUIPlugin
2025-12-23 08:41:05,497 [INFO] IPUIPlugin:80 - create IPUIPlugin
2025-12-23 08:41:05,497 [INFO] IPUIPlugin:80 - create IPUIPlugin
2025-12-23 08:41:05,498 [INFO] IPUIPlugin:80 - create IPUIPlugin
2025-12-23 08:41:05,499 [INFO] IPUIPlugin:80 - create IPUIPlugin
2025-12-23 08:41:05,500 [INFO] IPUIPlugin:80 - create IPUIPlugin
2025-12-23 08:41:05,501 [INFO] IPUIPlugin:80 - create IPUIPlugin
2025-12-23 08:41:05,502 [INFO] IPUIPlugin:80 - create IPUIPlugin
2025-12-23 08:41:05,503 [INFO] IPUIPlugin:80 - create IPUIPlugin
2025-12-23 08:41:05,504 [INFO] IPUIPlugin:80 - create IPUIPlugin
2025-12-23 08:41:05,504 [INFO] IPUIPlugin:80 - create IPUIPlugin
2025-12-23 08:41:05,505 [INFO] IPUIPlugin:80 - create IPUIPlugin
2025-12-23 08:41:05,508 [INFO] IPUIPlugin:80 - create IPUIPlugin
2025-12-23 08:41:05,509 [INFO] IPUIPlugin:80 - create IPUIPlugin
2025-12-23 08:41:05,512 [INFO] IPUIPlugin:80 - create IPUIPlugin
2025-12-23 08:41:05,513 [INFO] IPUIPlugin:80 - create IPUIPlugin
2025-12-23 08:41:05,515 [INFO] IPUIPlugin:80 - create IPUIPlugin
2025-12-23 08:41:05,516 [INFO] IPUIPlugin:80 - create IPUIPlugin
2025-12-23 08:41:05,518 [INFO] IPUIPlugin:80 - create IPUIPlugin
2025-12-23 08:41:05,521 [INFO] IPUIPlugin:80 - create IPUIPlugin
2025-12-23 08:41:05,523 [INFO] IPUIPlugin:80 - create IPUIPlugin
2025-12-23 08:41:05,525 [INFO] IPUIPlugin:80 - create IPUIPlugin
2025-12-23 08:41:05,530 [INFO] IPUIPlugin:80 - create IPUIPlugin
2025-12-23 08:41:05,764 [INFO] ApiDbMcu:532 - Load IP Config File for PDM2PCM
2025-12-23 08:41:06,804 [INFO] CADModel:165 - CPN selected for project levelSTM32F407VGT6
2025-12-23 08:41:06,804 [INFO] CADModel:114 - Register for checkConnection events
2025-12-23 08:41:06,866 [INFO] OpenFileManager:386 - Restore cursor
2025-12-23 08:41:13,005 [INFO] UtilMem:75 - End SaveConfig() Used Memory: 660940152 Bytes (1073741824)
2025-12-23 08:41:14,344 [INFO] UtilMem:75 - End SaveConfig() Used Memory: 681905776 Bytes (1073741824)
2025-12-23 08:41:20,617 [INFO] BlockDiagram:2775 - set Specific Code input for plugin: SYS
2025-12-23 08:41:20,617 [INFO] BlockDiagram:2775 - set Specific Code input for plugin: RCC
2025-12-23 08:41:20,617 [INFO] BlockDiagram:2775 - set Specific Code input for plugin: NVIC
2025-12-23 08:41:20,617 [INFO] BlockDiagram:2775 - set Specific Code input for plugin: GPIO
2025-12-23 08:41:20,627 [INFO] CodeGenerator:892 - code generatio: config db path: C:\ST\STM32CubeIDE_1.19.0\STM32CubeIDE\plugins\com.st.stm32cube.common.mx_6.15.0.202507011659\\db\
2025-12-23 08:41:22,053 [INFO] CodeEngine:265 - oldGeneratedFile, C:\Users\eZee1\Desktop\Git\ARM_94175_Anjali\ARM_94175_AnjaliYesugade\HAL_LED_Pattern\HAL_LED_toogle\MXTmpFiles\license.tmp_save
2025-12-23 08:41:24,004 [INFO] CodeEngine:289 - Generated code: C:\Users\eZee1\Desktop\Git\ARM_94175_Anjali\ARM_94175_AnjaliYesugade\HAL_LED_Pattern\HAL_LED_toogle\MXTmpFiles\license.tmp
2025-12-23 08:41:24,772 [INFO] CodeEngine:265 - oldGeneratedFile, C:\Users\eZee1\Desktop\Git\ARM_94175_Anjali\ARM_94175_AnjaliYesugade\HAL_LED_Pattern\HAL_LED_toogle\MXTmpFiles\gpio.tmp_save
2025-12-23 08:41:25,467 [INFO] CodeEngine:289 - Generated code: C:\Users\eZee1\Desktop\Git\ARM_94175_Anjali\ARM_94175_AnjaliYesugade\HAL_LED_Pattern\HAL_LED_toogle\MXTmpFiles\gpio.tmp
2025-12-23 08:41:26,056 [ERROR] ConfigurationRetriever:142 - IOException on connection: sw-center.st.com
2025-12-23 08:41:26,058 [ERROR] ConfigurationRetriever:142 - IOException on connection: sw-center.st.com
2025-12-23 08:41:26,061 [ERROR] ConfigurationRetriever:142 - IOException on connection: sw-center.st.com
2025-12-23 08:41:26,217 [INFO] CodeEngine:265 - oldGeneratedFile, C:\Users\eZee1\Desktop\Git\ARM_94175_Anjali\ARM_94175_AnjaliYesugade\HAL_LED_Pattern\HAL_LED_toogle\Core\Src\stm32f4xx_it.c_save
2025-12-23 08:41:27,779 [INFO] CodeEngine:289 - Generated code: C:\Users\eZee1\Desktop\Git\ARM_94175_Anjali\ARM_94175_AnjaliYesugade\HAL_LED_Pattern\HAL_LED_toogle\Core\Src\stm32f4xx_it.c
2025-12-23 08:41:27,844 [INFO] CodeEngine:265 - oldGeneratedFile, C:\Users\eZee1\Desktop\Git\ARM_94175_Anjali\ARM_94175_AnjaliYesugade\HAL_LED_Pattern\HAL_LED_toogle\Core\Inc\stm32f4xx_it.h_save
2025-12-23 08:41:28,587 [INFO] CodeEngine:289 - Generated code: C:\Users\eZee1\Desktop\Git\ARM_94175_Anjali\ARM_94175_AnjaliYesugade\HAL_LED_Pattern\HAL_LED_toogle\Core\Inc\stm32f4xx_it.h
2025-12-23 08:41:28,770 [INFO] CodeEngine:265 - oldGeneratedFile, C:\Users\eZee1\Desktop\Git\ARM_94175_Anjali\ARM_94175_AnjaliYesugade\HAL_LED_Pattern\HAL_LED_toogle\Core\Src\stm32f4xx_hal_msp.c_save
2025-12-23 08:41:29,560 [INFO] CodeEngine:289 - Generated code: C:\Users\eZee1\Desktop\Git\ARM_94175_Anjali\ARM_94175_AnjaliYesugade\HAL_LED_Pattern\HAL_LED_toogle\Core\Src\stm32f4xx_hal_msp.c
2025-12-23 08:41:29,680 [INFO] CodeEngine:265 - oldGeneratedFile, C:\Users\eZee1\Desktop\Git\ARM_94175_Anjali\ARM_94175_AnjaliYesugade\HAL_LED_Pattern\HAL_LED_toogle\MXTmpFiles\system.tmp_save
2025-12-23 08:41:30,358 [INFO] CodeEngine:289 - Generated code: C:\Users\eZee1\Desktop\Git\ARM_94175_Anjali\ARM_94175_AnjaliYesugade\HAL_LED_Pattern\HAL_LED_toogle\MXTmpFiles\system.tmp
2025-12-23 08:41:30,493 [INFO] CodeEngine:321 - oldGeneratedFile, C:\Users\eZee1\Desktop\Git\ARM_94175_Anjali\ARM_94175_AnjaliYesugade\HAL_LED_Pattern\HAL_LED_toogle\Core\Inc\stm32f4xx_hal_conf.h_save
2025-12-23 08:41:31,754 [INFO] CodeEngine:345 - Generated code: C:\Users\eZee1\Desktop\Git\ARM_94175_Anjali\ARM_94175_AnjaliYesugade\HAL_LED_Pattern\HAL_LED_toogle\Core\Inc\stm32f4xx_hal_conf.h
2025-12-23 08:41:32,431 [INFO] ApiDbMcu:532 - Load IP Config File for RCC
2025-12-23 08:41:32,687 [INFO] CodeEngine:265 - oldGeneratedFile, C:\Users\eZee1\Desktop\Git\ARM_94175_Anjali\ARM_94175_AnjaliYesugade\HAL_LED_Pattern\HAL_LED_toogle\Core\Inc\main.h_save
2025-12-23 08:41:34,166 [INFO] CodeEngine:289 - Generated code: C:\Users\eZee1\Desktop\Git\ARM_94175_Anjali\ARM_94175_AnjaliYesugade\HAL_LED_Pattern\HAL_LED_toogle\Core\Inc\main.h
2025-12-23 08:41:34,257 [INFO] CodeEngine:265 - oldGeneratedFile, C:\Users\eZee1\Desktop\Git\ARM_94175_Anjali\ARM_94175_AnjaliYesugade\HAL_LED_Pattern\HAL_LED_toogle\Core\Src\main.c_save
2025-12-23 08:41:35,340 [INFO] CodeEngine:289 - Generated code: C:\Users\eZee1\Desktop\Git\ARM_94175_Anjali\ARM_94175_AnjaliYesugade\HAL_LED_Pattern\HAL_LED_toogle\Core\Src\main.c
2025-12-23 08:41:38,763 [ERROR] AdobePublisher:162 - Exception while opening the connection: java.net.UnknownHostException: stmicroelectronics.d3.sc.omtrdc.net
2025-12-23 08:41:38,765 [ERROR] AdobePublisher:162 - Exception while opening the connection: java.net.UnknownHostException: stmicroelectronics.d3.sc.omtrdc.net
2025-12-23 08:41:38,766 [ERROR] AdobePublisher:162 - Exception while opening the connection: java.net.UnknownHostException: stmicroelectronics.d3.sc.omtrdc.net
2025-12-23 08:41:38,767 [ERROR] AdobePublisher:162 - Exception while opening the connection: java.net.UnknownHostException: stmicroelectronics.d3.sc.omtrdc.net
2025-12-23 08:41:38,767 [ERROR] AdobePublisher:162 - Exception while opening the connection: java.net.UnknownHostException: stmicroelectronics.d3.sc.omtrdc.net
2025-12-23 08:41:46,025 [INFO] ProjectBuilder:3606 - Time for Copy HAL[1] : 7653mS.
2025-12-23 08:41:46,241 [INFO] ProjectBuilder:5216 - Project Generator version: 4.7.0-B52
2025-12-23 08:41:46,816 [INFO] ConfigFileManager:1595 - The Die is : DIE413
2025-12-23 08:41:46,921 [INFO] ApiDbMcu:532 - Load IP Config File for FATFS
2025-12-23 08:41:46,957 [INFO] ApiDbMcu:532 - Load IP Config File for FREERTOS
2025-12-23 08:41:46,968 [INFO] ApiDbMcu:532 - Load IP Config File for LIBJPEG
2025-12-23 08:41:46,992 [INFO] ApiDbMcu:532 - Load IP Config File for LWIP
2025-12-23 08:41:47,028 [INFO] ApiDbMcu:532 - Load IP Config File for MBEDTLS
2025-12-23 08:41:47,070 [INFO] ApiDbMcu:532 - Load IP Config File for USB_DEVICE
2025-12-23 08:41:47,086 [INFO] ApiDbMcu:532 - Load IP Config File for USB_HOST
2025-12-23 08:41:49,054 [INFO] LogOutputStream:77 - [STDOUT_REDIRECT] 
2025-12-23 08:42:00,312 [INFO] ProjectBuilder:5496 - Time for Generating toolchain IDE Files: 14070mS.
2025-12-23 08:42:00,315 [INFO] ProjectBuilder:3463 - Time for Copy CMSIS : 1mS.
2025-12-23 08:42:00,338 [INFO] ProjectBuilder:3463 - Time for Copy CMSIS : 1mS.
2025-12-23 08:42:02,515 [ERROR] ConfigurationRetriever:142 - IOException on connection: sw-center.st.com
2025-12-23 08:42:02,517 [ERROR] ConfigurationRetriever:142 - IOException on connection: sw-center.st.com
2025-12-23 08:42:02,518 [ERROR] ConfigurationRetriever:142 - IOException on connection: sw-center.st.com
2025-12-23 08:42:03,375 [INFO] McuFinderGlobals:76 - Set McuFinderConnectedMode to true
2025-12-23 08:42:03,417 [INFO] ApiDb:448 - Save user favorites file C:\Users\eZee1/.stm32cubeide/favorites.mcus.txt: 1 item(s)
2025-12-23 08:42:03,424 [INFO] ApiDb:452 - User favorites MCUs=[STM32F103C6T6A]
2025-12-23 08:42:03,425 [INFO] ApiDb:448 - Save user favorites file C:\Users\eZee1/.stm32cubeide/favorites.boards.txt: 1 item(s)
2025-12-23 08:42:03,425 [INFO] ApiDb:452 - User favorites Boards=[STM32F407G-DISC1]
2025-12-23 08:45:38,026 [INFO] UtilMem:75 - End SaveConfig() Used Memory: 834413664 Bytes (1073741824)
2025-12-23 08:45:40,969 [INFO] UtilMem:75 - End SaveConfig() Used Memory: 864819600 Bytes (1073741824)
2025-12-23 08:45:41,848 [INFO] UtilMem:75 - End SaveConfig() Used Memory: 898908936 Bytes (1073741824)
2025-12-23 08:45:43,129 [INFO] BlockDiagram:2775 - set Specific Code input for plugin: SYS
2025-12-23 08:45:43,130 [INFO] BlockDiagram:2775 - set Specific Code input for plugin: RCC
2025-12-23 08:45:43,130 [INFO] BlockDiagram:2775 - set Specific Code input for plugin: NVIC
2025-12-23 08:45:43,134 [INFO] BlockDiagram:2775 - set Specific Code input for plugin: GPIO
2025-12-23 08:45:43,143 [INFO] CodeGenerator:892 - code generatio: config db path: C:\ST\STM32CubeIDE_1.19.0\STM32CubeIDE\plugins\com.st.stm32cube.common.mx_6.15.0.202507011659\\db\
2025-12-23 08:45:43,451 [INFO] CodeEngine:265 - oldGeneratedFile, C:\Users\eZee1\Desktop\Git\ARM_94175_Anjali\ARM_94175_AnjaliYesugade\HAL_LED_Pattern\HAL_LED_toogle\MXTmpFiles\license.tmp_save
2025-12-23 08:45:43,985 [INFO] CodeEngine:289 - Generated code: C:\Users\eZee1\Desktop\Git\ARM_94175_Anjali\ARM_94175_AnjaliYesugade\HAL_LED_Pattern\HAL_LED_toogle\MXTmpFiles\license.tmp
2025-12-23 08:45:44,167 [INFO] CodeEngine:265 - oldGeneratedFile, C:\Users\eZee1\Desktop\Git\ARM_94175_Anjali\ARM_94175_AnjaliYesugade\HAL_LED_Pattern\HAL_LED_toogle\MXTmpFiles\gpio.tmp_save
2025-12-23 08:45:44,624 [INFO] CodeEngine:289 - Generated code: C:\Users\eZee1\Desktop\Git\ARM_94175_Anjali\ARM_94175_AnjaliYesugade\HAL_LED_Pattern\HAL_LED_toogle\MXTmpFiles\gpio.tmp
2025-12-23 08:45:44,774 [INFO] CodeEngine:265 - oldGeneratedFile, C:\Users\eZee1\Desktop\Git\ARM_94175_Anjali\ARM_94175_AnjaliYesugade\HAL_LED_Pattern\HAL_LED_toogle\Core\Src\stm32f4xx_it.c_save
2025-12-23 08:45:45,250 [INFO] CodeEngine:289 - Generated code: C:\Users\eZee1\Desktop\Git\ARM_94175_Anjali\ARM_94175_AnjaliYesugade\HAL_LED_Pattern\HAL_LED_toogle\Core\Src\stm32f4xx_it.c
2025-12-23 08:45:45,304 [INFO] CodeEngine:265 - oldGeneratedFile, C:\Users\eZee1\Desktop\Git\ARM_94175_Anjali\ARM_94175_AnjaliYesugade\HAL_LED_Pattern\HAL_LED_toogle\Core\Inc\stm32f4xx_it.h_save
2025-12-23 08:45:45,679 [INFO] CodeEngine:289 - Generated code: C:\Users\eZee1\Desktop\Git\ARM_94175_Anjali\ARM_94175_AnjaliYesugade\HAL_LED_Pattern\HAL_LED_toogle\Core\Inc\stm32f4xx_it.h
2025-12-23 08:45:45,781 [INFO] CodeEngine:265 - oldGeneratedFile, C:\Users\eZee1\Desktop\Git\ARM_94175_Anjali\ARM_94175_AnjaliYesugade\HAL_LED_Pattern\HAL_LED_toogle\Core\Src\stm32f4xx_hal_msp.c_save
2025-12-23 08:45:46,324 [INFO] CodeEngine:289 - Generated code: C:\Users\eZee1\Desktop\Git\ARM_94175_Anjali\ARM_94175_AnjaliYesugade\HAL_LED_Pattern\HAL_LED_toogle\Core\Src\stm32f4xx_hal_msp.c
2025-12-23 08:45:46,368 [INFO] CodeEngine:265 - oldGeneratedFile, C:\Users\eZee1\Desktop\Git\ARM_94175_Anjali\ARM_94175_AnjaliYesugade\HAL_LED_Pattern\HAL_LED_toogle\MXTmpFiles\system.tmp_save
2025-12-23 08:45:46,689 [INFO] CodeEngine:289 - Generated code: C:\Users\eZee1\Desktop\Git\ARM_94175_Anjali\ARM_94175_AnjaliYesugade\HAL_LED_Pattern\HAL_LED_toogle\MXTmpFiles\system.tmp
2025-12-23 08:45:46,769 [INFO] CodeEngine:321 - oldGeneratedFile, C:\Users\eZee1\Desktop\Git\ARM_94175_Anjali\ARM_94175_AnjaliYesugade\HAL_LED_Pattern\HAL_LED_toogle\Core\Inc\stm32f4xx_hal_conf.h_save
2025-12-23 08:45:47,151 [INFO] CodeEngine:345 - Generated code: C:\Users\eZee1\Desktop\Git\ARM_94175_Anjali\ARM_94175_AnjaliYesugade\HAL_LED_Pattern\HAL_LED_toogle\Core\Inc\stm32f4xx_hal_conf.h
2025-12-23 08:45:47,327 [INFO] CodeEngine:265 - oldGeneratedFile, C:\Users\eZee1\Desktop\Git\ARM_94175_Anjali\ARM_94175_AnjaliYesugade\HAL_LED_Pattern\HAL_LED_toogle\Core\Inc\main.h_save
2025-12-23 08:45:47,692 [INFO] CodeEngine:289 - Generated code: C:\Users\eZee1\Desktop\Git\ARM_94175_Anjali\ARM_94175_AnjaliYesugade\HAL_LED_Pattern\HAL_LED_toogle\Core\Inc\main.h
2025-12-23 08:45:47,746 [INFO] CodeEngine:265 - oldGeneratedFile, C:\Users\eZee1\Desktop\Git\ARM_94175_Anjali\ARM_94175_AnjaliYesugade\HAL_LED_Pattern\HAL_LED_toogle\Core\Src\main.c_save
2025-12-23 08:45:48,193 [INFO] CodeEngine:289 - Generated code: C:\Users\eZee1\Desktop\Git\ARM_94175_Anjali\ARM_94175_AnjaliYesugade\HAL_LED_Pattern\HAL_LED_toogle\Core\Src\main.c
2025-12-23 08:45:51,323 [INFO] ProjectBuilder:3606 - Time for Copy HAL[1] : 2306mS.
2025-12-23 08:45:51,356 [INFO] ProjectBuilder:5216 - Project Generator version: 4.7.0-B52
2025-12-23 08:45:51,645 [INFO] ConfigFileManager:1595 - The Die is : DIE413
2025-12-23 08:45:55,987 [INFO] ProjectBuilder:5496 - Time for Generating toolchain IDE Files: 4630mS.
2025-12-23 08:45:55,991 [INFO] ProjectBuilder:3463 - Time for Copy CMSIS : 2mS.
2025-12-23 08:45:56,010 [INFO] ProjectBuilder:3463 - Time for Copy CMSIS : 0mS.
2025-12-23 08:54:50,740 [ERROR] LogOutputStream:75 - [STDERR_REDIRECT] 
2025-12-23 08:54:50,854 [ERROR] LogOutputStream:75 - [STDERR_REDIRECT] 
